2025-10-23 17:17:54,155 - turret - INFO -   Processing: 四足到双足迁移
2025-10-23 17:17:54,155 - turret - INFO - Setting up morphology transfer: ['HalfCheetah', 'Ant'] -> Walker2d
2025-10-23 17:17:54,155 - turret - INFO - Transfer type: quad_to_biped
2025-10-23 17:17:54,155 - turret - INFO - Setting up size transfer: ['HalfCheetah', 'Ant'] -> Walker2d
2025-10-23 17:17:54,364 - turret - INFO - Size transfer experiment setup completed
2025-10-23 17:17:54,364 - turret - INFO - Morphology transfer experiment setup completed
2025-10-23 17:17:54,364 - turret - INFO - Starting size transfer experiment
2025-10-23 17:17:54,371 - turret - INFO - Episode 0: reward=2.363, policy_loss=0.000, independence_p=0.000
2025-10-23 17:17:54,575 - turret - INFO - Evaluating final performance
2025-10-23 17:17:54,575 - turret - INFO - Evaluation results: {'mean_reward': 2.3362496351792146, 'std_reward': 7.601337714546613, 'max_reward': 20.919009954900364, 'min_reward': -8.447376297125302, 'final_independence_p': 0.009333333333333334, 'total_episodes': 10, 'source_robots': ['HalfCheetah', 'Ant'], 'target_robot': 'Walker2d', 'transfer_transfer_weights_mean': [0.5001744404435158, 0.4998255632817745], 'transfer_transfer_weights_std': [0.000936188986855428, 0.0009361875263859769], 'transfer_independence_p_mean': 0.004916666666666666, 'transfer_independence_p_std': 0.0024022558842332624, 'transfer_semantic_distance_mean': 0.024917451082728803, 'transfer_semantic_distance_std': 0.00850341355503973}
2025-10-23 17:17:54,576 - turret - INFO - Results saved to /var/folders/nc/_mb5fh49765b4s1f10rzjz0c0000gn/T/tmpfnxyy6wq/morphology_quad_to_biped_results.json
2025-10-23 17:17:54,576 - turret - INFO - Size transfer experiment completed
2025-10-23 17:17:54,576 - turret - INFO -   Processing: 双足到人形迁移
2025-10-23 17:17:54,576 - turret - INFO - Setting up morphology transfer: ['Walker2d', 'Hopper'] -> Humanoid
2025-10-23 17:17:54,576 - turret - INFO - Transfer type: biped_to_humanoid
2025-10-23 17:17:54,576 - turret - INFO - Setting up size transfer: ['Walker2d', 'Hopper'] -> Humanoid
2025-10-23 17:17:54,606 - turret - INFO - Size transfer experiment setup completed
2025-10-23 17:17:54,606 - turret - INFO - Morphology transfer experiment setup completed
2025-10-23 17:17:54,606 - turret - INFO - Starting size transfer experiment
2025-10-23 17:17:54,612 - turret - INFO - Episode 0: reward=-57.086, policy_loss=0.000, independence_p=0.000
2025-10-23 17:17:54,829 - turret - INFO - Evaluating final performance
2025-10-23 17:17:54,829 - turret - INFO - Evaluation results: {'mean_reward': -42.34420460943325, 'std_reward': 42.8362205317197, 'max_reward': 5.496993250715241, 'min_reward': -149.42602536257348, 'final_independence_p': 0.002, 'total_episodes': 10, 'source_robots': ['Walker2d', 'Hopper'], 'target_robot': 'Humanoid', 'transfer_transfer_weights_mean': [0.4999272567885263, 0.5000727474689484], 'transfer_transfer_weights_std': [0.00016595695064187285, 0.0001659344419214619], 'transfer_independence_p_mean': 0.001142857142857143, 'transfer_independence_p_std': 0.0006867716715169504, 'transfer_semantic_distance_mean': 0.0050109056922207984, 'transfer_semantic_distance_std': 0.0026843720355420684}
2025-10-23 17:17:54,830 - turret - INFO - Results saved to /var/folders/nc/_mb5fh49765b4s1f10rzjz0c0000gn/T/tmpfnxyy6wq/morphology_biped_to_humanoid_results.json
2025-10-23 17:17:54,830 - turret - INFO - Size transfer experiment completed
2025-10-23 17:17:54,831 - turret - INFO -   Processing: 无注意力机制
2025-10-23 17:17:54,831 - turret - INFO -   Processing: 无语义空间
2025-10-23 17:17:54,831 - turret - INFO -   Processing: 固定迁移权重
2025-10-23 17:17:54,832 - turret - INFO -   Processing: 原始PPO（无迁移）
2025-10-23 17:17:54,832 - turret - INFO -   Processing: 对比方法CAT
2025-10-23 17:17:54,832 - turret - INFO -   Processing: 对比方法NerveNet
